### SNID output file ###
 
### input spectrum and options ###
# Input spectrum                 : T2m3ws-20211114.131522-0056.p12_SN.dat
# Parameter file                 : NA
# Wavelength range               :    3504.65   8999.64
# Mask file                      : NA
# Median filtering width [A]     : NA
# Median filtering width [pix]   :       1.00
# Clip emission redshift         : NA
# Clip sky lines                 : 0
# Emission clip width [A]        : NA
# Keep A-band                    : 1
# Age range                      :     -90.00   1000.00
# Delta range                    :      -9.99     99.90
# Min. number of spectra/template:   1
# Use only templates             : NA
# Use only types                 : NA
# Avoid templates                : NA
# Avoid types                    : NA
# rlapmin                        :       5.00
# Redshift range                 :     0.0000    1.0000
# Forced initial redshift        : NA
# Extra fake redshift            : NA
# Nsigma for initial redshift    : NA
# Redshift filter                :     0.0200
# Wavenumbers k1,k2,k3,k4        :     1    4   85  102
# Template directory             : /pkg/linux/snid/templates/
 
### initial/user-input redshift ###
zinit       0.8203
zuser       0.8203
 
### median redshift/age and error ###
zmed        0.8362    0.0059
agem          2.60     24.67
 
### type fraction/redshift/age ###
#type ntemp fraction slope redshift redshift_error age age_error
Ia              3      0.43    0.0854    0.8376    0.0022   -10.700    14.616
Ia-norm         0      0.00    0.0000    0.0000    0.0000     0.000     0.000
Ia-91T          2      0.29    0.1170    0.8383    0.0010   -11.200     0.707
Ia-91bg         1      0.14   -0.0306    0.8347    0.0000    14.100     0.000
Ia-csm          0      0.00    0.0000    0.0000    0.0000     0.000     0.000
Ia-pec          0      0.00    0.0000    0.0000    0.0000     0.000     0.000
###
Ib              0      0.00    0.0000    0.0000    0.0000     0.000     0.000
Ib-norm         0      0.00    0.0000    0.0000    0.0000     0.000     0.000
Ib-pec          0      0.00    0.0000    0.0000    0.0000     0.000     0.000
IIb             0      0.00    0.0000    0.0000    0.0000     0.000     0.000
###
Ic              4      0.57   -0.0783    0.8324    0.0070    25.500    32.385
Ic-norm         3      0.43   -0.0627    0.8362    0.0082     2.600     0.000
Ic-pec          0      0.00    0.0000    0.0000    0.0000     0.000     0.000
Ic-broad        1      0.14    0.0000    0.8286    0.0000    48.400     0.000
###
II              0      0.00    0.0000    0.0000    0.0000     0.000     0.000
IIP             0      0.00    0.0000    0.0000    0.0000     0.000     0.000
II-pec          0      0.00    0.0000    0.0000    0.0000     0.000     0.000
IIn             0      0.00    0.0000    0.0000    0.0000     0.000     0.000
IIL             0      0.00    0.0000    0.0000    0.0000     0.000     0.000
###
NotSN           0      0.00    0.0000    0.0000    0.0000     0.000     0.000
AGN             0      0.00    0.0000    0.0000    0.0000     0.000     0.000
Gal             0      0.00    0.0000    0.0000    0.0000     0.000     0.000
LBV             0      0.00    0.0000    0.0000    0.0000     0.000     0.000
M-star          0      0.00    0.0000    0.0000    0.0000     0.000     0.000
 
### rlap-ordered template listings ###
#no. sn type lap rlap z zerr age age_flag grade
   1  sn1991T       Ia-91T     0.4061  12.16   0.8390   0.0079   -11.70  0   good
   2  sn1994I       Ic-norm    0.4264   8.59   0.8388   0.0112     2.60  0   good
   3  sn1991T       Ia-91T     0.4048   8.32   0.8376   0.0109   -10.70  0   good
   4  sn1991bg      Ia-91bg    0.4061   6.32   0.8347   0.0146    14.10  0   good
   5  sn1991N       Ic-norm    0.4143   5.31   0.8235   0.0171    27.90  1   good
   6  sn1991N       Ic-norm    0.4373   5.30   0.8362   0.0172     6.60  1   good
   7  sn1997ef      Ic-broad   0.4197   5.17   0.8286   0.0167    48.40  0   good
#--- rlap cutoff
   8  sn1993J       IIb        0.4305   4.94   0.8222   0.0148    12.00  0    cut
   9  sn1993J       IIb        0.4549   4.90   0.8294   0.0138    -2.00  0    cut
  10  sn1993J       IIb        0.4305   4.80   0.8221   0.0152    11.00  0    cut
  11  sn1991N       Ic-norm    0.4359   4.58   0.8365   0.0195     5.70  1    cut
  12  sn1991N       Ic-norm    0.4373   4.55   0.8380   0.0197     7.60  1    cut
  13  sn1997ef      Ic-broad   0.4427   4.53   0.8267   0.0171    75.00  0    cut
  14  sn1993J       IIb        0.4535   4.49   0.8321   0.0144    -4.00  0    cut
  15  sn1993J       IIb        0.4522   4.41   0.8312   0.0148    -3.00  0    cut
  16  sn1991bg      Ia-91bg    0.4373   4.34   0.8384   0.0195    18.30  0    cut
  17  sn1993J       IIb        0.4576   4.16   0.8203   0.0168    13.00  0    cut
  18  sn1997ef      Ic-broad   0.4535   4.11   0.8244   0.0215    46.20  0    cut
  19  sn2002fb      Ia-91bg    0.4589   4.08   0.8241   0.0195    52.50  0    cut
  20  sn1991bg      Ia-91bg    0.4305   4.06   0.8198   0.0200    53.90  0    cut
  21  sn2007ux      Ia-norm    0.4576   4.03   0.8205   0.0192    15.50  0    cut
  22  sn2002ap      Ic-broad   0.4007   3.99   0.8354   0.0172   152.70  0    cut
  23  sn1997dq      Ic-broad   0.4116   3.96   0.8209   0.0198    81.70  1    cut
  24  sn1996X       Ia-norm    0.4684   3.95   0.8088   0.0172    86.90  0    cut
  25  sn2002er      Ia-norm    0.4116   3.85   0.8307   0.0217    14.90  0    cut
  26  sn2002er      Ia-norm    0.4116   3.84   0.8307   0.0217    15.80  0    cut
  27  sn2001ep      Ia-norm    0.4129   3.81   0.8191   0.0207    28.50  0    cut
  28  sn2005cf      Ia-norm    0.4021   3.80   0.8189   0.0201    27.30  0    cut
  29  sn2002fk      Ia-norm    0.4373   3.78   0.8114   0.0189    33.20  0    cut
  30  sn2007hj      Ia-norm    0.4373   3.71   0.8280   0.0216     8.20  0    cut
  31  sn1993J       IIb        0.4562   3.70   0.8182   0.0178    24.00  0    cut
  32  sn1999em      IIP        0.4657   3.55   0.8089   0.0196    58.10  0    cut
  33  sn2006D       Ia-norm    0.4332   3.54   0.8316   0.0232    12.50  0    cut
  34  sn1991N       Ic-norm    0.4589   3.50   0.8353   0.0249     0.00  1    cut
  35  sn1997dq      Ic-broad   0.4129   3.47   0.8294   0.0227     1.00  1    cut
  36  sn1990U       Ic-norm    0.4075   3.40   0.8115   0.0230    10.90  0    cut
  37  sn1990I       Ib-norm    0.4359   3.39   0.8281   0.0196    40.10  0    cut
  38  sn2002ap      Ic-broad   0.4007   3.39   0.8361   0.0192   182.50  0    cut
  39  sn2005cs      IIP        0.4183   3.37   0.7985   0.0217    39.70  0    cut
  40  sn2006gz      Ia-pec     0.4386   3.32   0.8464   0.0238   -12.30  0    cut
  41  sn1991N       Ic-norm    0.4576   3.30   0.8288   0.0257    12.00  1    cut
  42  sn1994Q       Ia-norm    0.4264   3.29   0.8198   0.0227    18.60  0    cut
  43  sn2003kc      Ia-norm    0.4413   3.28   0.8169   0.0236    43.60  0    cut
  44  sn2000cx      Ia-pec     0.4075   3.26   0.8179   0.0241    60.20  0    cut
  45  sn2002kf      Ia-norm    0.4481   3.26   0.8194   0.0226    29.50  0    cut
  46  sn2001el      Ia-norm    0.4007   3.25   0.8312   0.0233    18.00  0    cut
  47  sn1996X       Ia-norm    0.4075   3.24   0.8202   0.0228    55.60  0    cut
  48  sn2005hk      Ia-pec     0.4021   3.19   0.8085   0.0215    -8.30  0    cut
  49  sn2001ah      Ia-91T     0.4711   3.18   0.8175   0.0227    17.80  0    cut
  50  sn2005cs      IIP        0.4102   3.13   0.7977   0.0237    56.70  0    cut
  51  sn1992A       Ia-norm    0.4386   3.12   0.8346   0.0237    16.80  0    cut
  52  sn2000cx      Ia-pec     0.4061   3.11   0.8155   0.0249    70.10  0    cut
  53  sn1990N       Ia-norm    0.4346   3.05   0.8204   0.0241    16.70  0    cut
  54  sn2000cx      Ia-pec     0.4075   3.04   0.8235   0.0243    40.40  0    cut
  55  sn1990O       Ia-norm    0.4319   3.00   0.8253   0.0248    19.40  0    cut
  56  sn1990N       Ia-norm    0.4034   2.99   0.8189   0.0244    13.50  0    cut
  57  sn1997do      Ia-norm    0.4413   2.97   0.8284   0.0252    21.00  0    cut
  58  sn1997ef      Ic-broad   0.4386   2.96   0.8392   0.0274    48.10  0    cut
  59  sn1999aa      Ia-91T     0.4278   2.95   0.8141   0.0246    25.20  0    cut
  60  sn1999ac      Ia-91T     0.4183   2.95   0.8134   0.0252    16.80  0    cut
  61  sn1992A       Ia-norm    0.6769   2.94   0.8220   0.0249     8.20  0    cut
  62  sn1994D       Ia-norm    0.4305   2.94   0.8063   0.0239    82.50  0    cut
  63  sn1991M       Ia-norm    0.4413   2.92   0.8225   0.0251    24.80  0    cut
  64  sn2007if      Ia-pec     0.4116   2.90   0.8054   0.0249   118.90  0    cut
  65  sn2000cx      Ia-pec     0.4034   2.89   0.8247   0.0248    30.50  0    cut
  66  sn2003du      Ia-norm    0.4210   2.89   0.8183   0.0248    25.70  0    cut
  67  sn2002bo      Ia-norm    0.4373   2.86   0.8172   0.0263    44.00  0    cut
  68  sn1997bq      Ia-norm    0.4427   2.83   0.8285   0.0266    12.20  0    cut
  69  sn2007if      Ia-pec     0.4671   2.80   0.8344   0.0237    -9.20  0    cut
  70  sn2005cs      IIP        0.4495   2.79   0.8026   0.0238    29.80  0    cut
  71  sn2002ap      Ic-broad   0.4332   2.77   0.8372   0.0216   267.20  0    cut
  72  sn1990I       Ib-norm    0.4007   2.76   0.8295   0.0265    64.90  0    cut
  73  sn2000cx      Ia-pec     0.4075   2.75   0.8111   0.0270    95.90  0    cut
  74  sn2008C       Ia-norm    0.4427   2.75   0.8053   0.0254    90.80  0    cut
  75  sn2000cx      Ia-pec     0.4075   2.71   0.8110   0.0273    92.00  0    cut
  76  sn1995al      Ia-norm    0.4400   2.70   0.8188   0.0263    25.20  0    cut
  77  sn2005cf      Ia-norm    0.4251   2.69   0.8149   0.0265     9.40  0    cut
  78  sn1995F       Ic-norm    0.4373   2.69   0.8151   0.0255    35.70  1    cut
  79  sn2006bt      Ia-norm    0.4156   2.67   0.8378   0.0315     2.90  0    cut
  80  sn2003kf      Ia-norm    0.4170   2.67   0.8180   0.0268    41.20  0    cut
  81  sn1994D       Ia-norm    0.4332   2.66   0.8198   0.0266    23.70  0    cut
  82  sn1991M       Ia-norm    0.4413   2.66   0.8216   0.0278    25.80  0    cut
  83  sn2001ep      Ia-norm    0.4129   2.66   0.8167   0.0273     7.70  0    cut
  84  sn2002fk      Ia-norm    0.4400   2.65   0.7984   0.0245   119.40  0    cut
  85  sn2000cx      Ia-pec     0.4075   2.65   0.8056   0.0278   145.50  0    cut
  86  sn2008D       Ib-pec     0.4197   2.64   0.8698   0.0266   -12.50  0    cut
  87  sn1999ac      Ia-91T     0.4143   2.63   0.8121   0.0274    11.80  0    cut
  88  sn1991T       Ia-91T     0.4264   2.60   0.8151   0.0276    23.50  0    cut
  89  sn2004aw      Ic-norm    0.4305   2.60   0.8433   0.0272    -1.70  0    cut
  90  sn2004aw      Ic-norm    0.4102   2.59   0.8431   0.0275    -0.20  0    cut
  91  sn2001cj      Ia-norm    0.4278   2.57   0.8148   0.0277    13.60  0    cut
  92  sn2007if      Ia-pec     0.4264   2.57   0.8153   0.0259    34.40  0    cut
  93  sn1992H       IIP        0.4752   2.55   0.8280   0.0193    24.50  0    cut
  94  sn2000cx      Ia-pec     0.4075   2.55   0.8091   0.0291   123.70  0    cut
  95  sn1991T       Ia-91T     0.4197   2.54   0.8130   0.0281    44.30  0    cut
  96  sn2001br      Ia-norm    0.4508   2.54   0.8227   0.0284    27.00  0    cut
  97  sn2001V       Ia-91T     0.4319   2.53   0.8191   0.0284    21.30  0    cut
  98  sn1994M       Ia-norm    0.4616   2.51   0.8290   0.0272    12.50  0    cut
  99  sn2008D       Ib-pec     0.4156   2.51   0.8319   0.0302    63.90  0    cut
 100  sn1990O       Ia-norm    0.4657   2.50   0.8110   0.0256    18.60  0    cut
 101  sn1994M       Ia-norm    0.4183   2.49   0.8270   0.0268    11.50  0    cut
 102  sn2001V       Ia-91T     0.4468   2.46   0.8033   0.0267   104.80  0    cut
 103  sn1991T       Ia-91T     0.4224   2.45   0.8087   0.0281    73.80  0    cut
 104  sn2001ay      Ia-norm    0.4522   2.44   0.8050   0.0284    31.40  0    cut
 105  sn2001G       Ia-norm    0.4305   2.44   0.8113   0.0294    62.70  0    cut
 106  sn2001V       Ia-91T     0.4413   2.44   0.8044   0.0279    79.30  0    cut
 107  sn2001ay      Ia-norm    0.4549   2.43   0.8036   0.0285    30.40  0    cut
 108  sn2003fa      Ia-91T     0.4698   2.40   0.8147   0.0281    18.50  0    cut
 109  sn2008Z       Ia-norm    0.4292   2.39   0.8170   0.0291    41.60  0    cut
 110  sn2001V       Ia-91T     0.4319   2.39   0.8183   0.0294    20.30  0    cut
 111  sn1980K       IIL        0.4021   2.39   0.8135   0.0225    44.00  0    cut
 112  sn2006D       Ia-norm    0.4346   2.39   0.8405   0.0311    -7.30  0    cut
 113  sn2006D       Ia-norm    0.4346   2.38   0.8399   0.0309    -5.30  0    cut
 114  sn2007if      Ia-pec     0.4278   2.36   0.8127   0.0290    28.00  0    cut
 115  sn2002jy      Ia-norm    0.4522   2.36   0.8126   0.0283    33.40  0    cut
 116  sn2001ay      Ia-norm    0.5672   2.36   0.8260   0.0269     5.80  0    cut
 117  sn2003du      Ia-norm    0.4386   2.36   0.8131   0.0284    58.80  0    cut
 118  sn2005bf      Ib-pec     0.4806   2.34   0.8023   0.0258     3.40  0    cut
 119  sn2006D       Ia-norm    0.4332   2.32   0.8401   0.0315    -1.40  0    cut
 120  sn1991N       Ic-norm    0.4684   2.32   0.8453   0.0297   250.20  1    cut
 121  sn2008C       Ia-norm    0.4454   2.31   0.8204   0.0299    10.30  0    cut
 122  sn2004dt      Ia-norm    0.4116   2.30   0.8388   0.0253    -6.40  0    cut
 123  sn2007co      Ia-norm    0.4508   2.30   0.8027   0.0292    87.20  0    cut
 124  sn1991M       Ia-norm    0.4413   2.29   0.8016   0.0286   111.80  0    cut
 125  sn1995D       Ia-norm    0.4413   2.29   0.8143   0.0296    38.20  0    cut
 126  sn2001ay      Ia-norm    0.4603   2.27   0.8073   0.0320    54.70  0    cut
 127  sn1999ac      Ia-91T     0.4210   2.26   0.8138   0.0304     8.80  0    cut
 128  sn1997cy      IIn        0.4034   2.25   0.8405   0.0354    14.10  1    cut
 129  sn1995al      Ia-norm    0.4305   2.25   0.8198   0.0309    16.40  0    cut
 130  sn1996X       Ia-norm    0.4738   2.24   0.8153   0.0276     0.10  0    cut
 131  sn1998bw      Ic-broad   0.4982   2.22   0.7485   0.0282    18.70  0    cut
 132  sn2001G       Ia-norm    0.4413   2.21   0.8034   0.0291   122.60  0    cut
 133  sn2005cs      IIP        0.4468   2.21   0.8084   0.0212     9.80  0    cut
 134  sn2001V       Ia-91T     0.4319   2.19   0.8138   0.0316    51.70  0    cut
 135  sn1999ee      Ia-norm    0.4102   2.19   0.8190   0.0312    15.70  0    cut
 136  sn1996X       Ia-norm    0.4657   2.19   0.8202   0.0303    21.70  0    cut
 137  sn1999aa      Ia-91T     0.4143   2.18   0.8135   0.0322    59.90  0    cut
 138  sn2001az      Ia-91T     0.4657   2.17   0.8143   0.0305    20.00  0    cut
 139  snls03D3bb    Ia-pec     0.5754   2.16   0.8150   0.0289     2.00  0    cut
 140  sn1996X       Ia-norm    0.4657   2.16   0.8192   0.0304    24.00  0    cut
 141  sn1996X       Ia-norm    0.4765   2.14   0.8188   0.0312     7.10  0    cut
 142  kcSc          Gal        0.6742   2.14   0.6996   0.0307   -99.90  2    cut
 143  sn1998bw      Ic-broad   0.4996   2.13   0.7586   0.0271    20.70  0    cut
 144  sn2002eu      Ia-norm    0.4820   2.13   0.8236   0.0318    60.70  0    cut
 145  sn1996X       Ia-norm    0.4711   2.13   0.8123   0.0291     1.10  0    cut
 146  sn2007if      Ia-pec     0.4116   2.11   0.8115   0.0308    39.10  0    cut
 147  sn2007kk      Ia-norm    0.4698   2.09   0.8030   0.0320    90.40  0    cut
 148  sn2007if      Ia-pec     0.4278   2.07   0.8154   0.0320    25.20  0    cut
 149  sn2004dt      Ia-norm    0.4116   2.05   0.8380   0.0275    -5.60  0    cut
 150  sn2006bt      Ia-norm    0.4928   2.05   0.8438   0.0356    -4.60  0    cut
 151  sn1998bw      Ic-broad   0.4373   2.04   1.0000   0.0000    43.40  0    cut
 152  sn1993ac      Ia-norm    0.4968   2.03   0.8180   0.0296     6.90  0    cut
 153  sn2001bf      Ia-norm    0.4400   2.03   0.8076   0.0313     8.70  0    cut
 154  sn1993J       IIb        0.4156   2.01   0.8191   0.0264    35.00  0    cut
 155  sn1991T       Ia-91T     0.4237   1.98   0.8148   0.0331    14.50  0    cut
 156  sn1998bw      Ic-broad   0.4427   1.96   0.7007   0.0374    23.70  0    cut
 157  sn1997cy      IIn        0.4048   1.95   0.8326   0.0416    57.20  1    cut
 158  sn2004dt      Ia-norm    0.4278   1.93   0.8401   0.0279    -8.50  0    cut
 159  sn2004dt      Ia-norm    0.4454   1.93   0.8472   0.0277    -9.40  0    cut
 160  sn2001ay      Ia-norm    0.4454   1.93   0.8258   0.0316     3.30  0    cut
 161  sn1992A       Ia-norm    0.6769   1.92   0.8217   0.0336    -0.80  0    cut
 162  sn1994T       Ia-norm    0.4386   1.90   0.8250   0.0321     0.80  0    cut
 163  sn1990N       Ia-norm    0.6769   1.89   0.8106   0.0322     3.90  0    cut
 164  sn1999ex      Ib-norm    0.4224   1.89   0.8358   0.0345     0.40  0    cut
 165  kcSB2         Gal        0.6769   1.86   0.6800   0.0353   -99.90  2    cut
 166  sn2005hk      Ia-pec     0.4210   1.86   0.7956   0.0331    23.40  0    cut
 167  sn2002bo      Ia-norm    0.4684   1.84   0.8264   0.0331     5.20  0    cut
 168  sn1999ee      Ia-norm    0.5050   1.84   0.8368   0.0344    -9.10  0    cut
 169  sn2001ah      Ia-91T     0.4806   1.82   0.8080   0.0387    44.30  0    cut
 170  sn2001ck      Ia-norm    0.4630   1.81   0.8154   0.0337     5.80  0    cut
 171  kcSB1         Gal        0.6728   1.80   0.6808   0.0357   -99.90  2    cut
 172  sn1997cy      IIn        0.5713   1.78   0.7081   0.0332   196.10  1    cut
 173  sn1998bw      Ic-broad   0.6552   1.78   0.8321   0.0398    86.90  0    cut
 174  sn2006bt      Ia-norm    0.4264   1.77   0.8348   0.0383    -3.90  0    cut
 175  sn2008D       Ib-pec     0.4278   1.77   0.8189   0.0352    15.40  0    cut
 176  sn1981B       Ia-norm    0.6783   1.75   0.8176   0.0354    -1.50  0    cut
 177  sn1998bw      Ic-broad   0.4698   1.75   0.8412   0.0305    27.60  0    cut
 178  sn2004dt      Ia-norm    0.4278   1.74   0.8352   0.0310    -3.70  0    cut
 179  sn2002ic      Ia-csm     0.4644   1.72   0.8083   0.0348     5.60  0    cut
 180  sn2003ch      Ia-norm    0.4535   1.71   0.8130   0.0319     1.80  0    cut
 181  sn2006cj      Ia-norm    0.4116   1.71   0.8166   0.0367    11.00  0    cut
 182  sn2006cj      Ia-norm    0.4129   1.71   0.8152   0.0391     5.40  0    cut
 183  sn1991T       Ia-91T     0.6783   1.69   0.8241   0.0393    -1.50  0    cut
 184  sn1992A       Ia-norm    0.6769   1.69   0.8498   0.0380    11.20  0    cut
 185  sn1995D       Ia-norm    0.5023   1.69   0.8114   0.0327    16.50  0    cut
 186  sn2006al      Ia-norm    0.4102   1.68   0.8160   0.0351     5.40  0    cut
 187  sn1992A       Ia-norm    0.6769   1.67   0.8338   0.0372    -5.40  0    cut
 188  sn1992A       Ia-norm    0.6769   1.66   0.8303   0.0374     5.50  0    cut
 189  sn1999em      IIP        0.4034   1.65   0.8219   0.0272    16.10  0    cut
 190  sn2006gz      Ia-pec     0.4400   1.64   0.8222   0.0359     5.30  0    cut
 191  sn1989B       Ia-norm    0.5050   1.64   0.8194   0.0304    -7.20  0    cut
 192  sn1993J       IIb        0.4088   1.63   0.6578   0.0402   412.10  0    cut
 193  sn2005hk      Ia-pec     0.4535   1.62   0.8033   0.0333    -5.10  0    cut
 194  sn1997br      Ia-91T     0.4197   1.62   0.8136   0.0404    71.30  0    cut
 195  sn1999ex      Ib-norm    0.4075   1.62   0.8405   0.0384    -4.50  0    cut
 196  sn1998dt      Ib-norm    0.4156   1.61   0.8161   0.0372     7.90  0    cut
 197  sn2006cj      Ia-norm    0.4116   1.59   0.8152   0.0379     9.10  0    cut
 198  sn2001br      Ia-norm    0.4454   1.57   0.8222   0.0364     2.50  0    cut
 199  sn2001ah      Ia-91T     0.4468   1.57   0.8069   0.0400    45.20  0    cut
 200  kcE           Gal        0.6769   1.57   0.5472   0.0312   -99.90  2    cut
 201  sn1999ee      Ia-norm    0.4102   1.56   0.8205   0.0383    10.60  0    cut
 202  sn1990O       Ia-norm    0.4630   1.55   0.8407   0.0355    -5.60  0    cut
 203  sn1990O       Ia-norm    0.4644   1.53   0.8421   0.0356    -6.60  0    cut
 204  sn2005cf      Ia-norm    0.4373   1.51   0.8150   0.0382     4.50  0    cut
 205  sn1984A       Ia-norm    0.4156   1.50   0.8644   0.0365    -6.70  0    cut
 206  sn2004dt      Ia-norm    0.4034   1.50   0.8214   0.0352     3.80  0    cut
 207  sn1991T       Ia-91T     0.4373   1.50   0.6817   0.0438   -12.80  0    cut
 208  sn2007if      Ia-pec     0.4210   1.49   0.8121   0.0384    13.90  0    cut
 209  sn2006cj      Ia-norm    0.4102   1.48   0.8152   0.0385     8.20  0    cut
 210  sn2002cx      Ia-pec     0.4319   1.48   0.7970   0.0382    25.00  0    cut
 211  sn2006cj      Ia-norm    0.4116   1.47   0.8217   0.0372    -0.20  0    cut
 212  sn1994ae      Ia-norm    0.4982   1.47   0.8041   0.0359     8.00  0    cut
 213  sn2002ap      Ic-broad   0.4021   1.45   0.8433   0.0405     2.70  0    cut
 214  sn1989B       Ia-norm    0.4481   1.45   0.8202   0.0359    -1.30  0    cut
 215  sn2002ic      Ia-csm     0.4048   1.45   0.8203   0.0364    44.10  0    cut
 216  sn2002er      Ia-norm    0.4007   1.44   0.8365   0.0397    -9.00  0    cut
 217  sn2004dt      Ia-norm    0.4454   1.44   0.8444   0.0335    -6.50  0    cut
 218  sn1997bp      Ia-norm    0.4386   1.43   0.8456   0.0387    -3.00  0    cut
 219  sn1997br      Ia-91T     0.4454   1.42   0.8142   0.0422    11.90  0    cut
 220  sn2007if      Ia-pec     0.4427   1.42   0.8136   0.0415    23.30  0    cut
 221  sn1997cy      IIn        0.4034   1.42   0.6357   0.0457   377.70  1    cut
 222  kcSB4         Gal        0.6742   1.40   0.6762   0.0309   -99.90  2    cut
 223  sn1984L       Ib-norm    0.4657   1.40   0.8087   0.0379    11.90  0    cut
 224  sn2005cf      Ia-norm    0.4007   1.39   0.8464   0.0402   -11.70  0    cut
 225  sn1987A       II-pec     0.5131   1.39   0.6837   0.0462   701.70  0    cut
 226  sn2001ep      Ia-norm    0.4102   1.38   0.8133   0.0400     2.80  0    cut
 227  sn2002ap      Ic-broad   0.4007   1.36   0.8385   0.0319   382.80  0    cut
 228  sn2007if      Ia-pec     0.4698   1.36   0.8127   0.0394     4.70  0    cut
 229  sn1998bw      Ic-broad   0.4603   1.36   1.0000   0.0000    66.10  0    cut
 230  sn1990N       Ia-norm    0.6783   1.35   0.8295   0.0415    -7.40  0    cut
 231  sn2001bf      Ia-norm    0.4468   1.35   0.7955   0.0457    58.80  0    cut
 232  sn2005cf      Ia-norm    0.4183   1.35   0.8149   0.0411     6.20  0    cut
 233  sn1993J       IIb        0.4468   1.35   0.6407   0.0337   294.00  0    cut
 234  sn2004S       Ia-norm    0.4305   1.34   0.8190   0.0410     7.40  0    cut
 235  sn1991T       Ia-91T     0.6742   1.34   0.8034   0.0385    45.20  0    cut
 236  sn1990O       Ia-norm    0.4630   1.34   0.8435   0.0383    -7.60  0    cut
 237  sn1997bq      Ia-norm    0.4413   1.34   0.8601   0.0396   -11.60  0    cut
 238  sn2002bo      Ia-norm    0.4061   1.34   0.8694   0.0393   -12.40  0    cut
 239  sn2004S       Ia-norm    0.4698   1.32   0.8253   0.0404     1.60  0    cut
 240  sn1992A       Ia-norm    0.6769   1.32   0.6051   0.0305     2.00  0    cut
 241  sn2002dj      Ia-norm    0.4373   1.32   0.8387   0.0402    -4.60  0    cut
 242  sn2007if      Ia-pec     0.4698   1.31   0.8084   0.0425     6.60  0    cut
 243  sn2008D       Ib-pec     0.4237   1.31   0.6533   0.0469   -13.50  0    cut
 244  sn2004eo      Ia-norm    0.4034   1.31   0.8229   0.0391    -5.60  0    cut
 245  sn1998bw      Ic-broad   0.5009   1.29   0.7558   0.0389    25.70  0    cut
 246  sn1987A       II-pec     0.5144   1.29   0.6800   0.0479   634.90  0    cut
 247  sn2007if      Ia-pec     0.4955   1.28   0.8082   0.0423     6.10  0    cut
 248  sn2002he      Ia-norm    0.4644   1.28   0.8306   0.0387    -3.20  0    cut
 249  sn2002dj      Ia-norm    0.4237   1.27   0.8347   0.0407    -3.60  0    cut
 250  sn1994D       Ia-norm    0.4792   1.27   0.8411   0.0394    -4.30  0    cut
 251  sn1997cy      IIn        0.4034   1.26   0.6864   0.0402     0.00  1    cut
 252  sn1994D       Ia-norm    0.4779   1.25   0.8400   0.0402    -6.10  0    cut
 253  sn2008D       Ib-pec     0.4319   1.24   0.9262   0.0437   -16.40  0    cut
 254  sn1997cy      IIn        0.4021   1.23   0.8463   0.0562    71.30  1    cut
 255  sn2002er      Ia-norm    0.4251   1.22   0.8307   0.0427    -5.00  0    cut
 256  sn1987A       II-pec     0.5144   1.21   0.6801   0.0496   628.80  0    cut
 257  sn1987A       II-pec     0.4562   1.20   0.8161   0.0353   113.60  0    cut
 258  sn2005cf      Ia-norm    0.4034   1.20   0.8427   0.0438   -11.20  0    cut
 259  sn1999ac      Ia-91T     0.4034   1.20   0.8128   0.0425     2.70  0    cut
 260  sn2008D       Ib-pec     0.4319   1.20   0.6763   0.0512   -14.50  0    cut
 261  sn1997cy      IIn        0.4034   1.20   0.6919   0.0374   125.30  1    cut
 262  sn1994D       Ia-norm    0.4806   1.19   0.8563   0.0402   -11.20  0    cut
 263  sn2002bo      Ia-norm    0.4007   1.17   0.8301   0.0408    -1.70  0    cut
 264  sn2006aj      Ic-broad   0.4549   1.17   0.9000   0.0403     2.50  0    cut
 265  sn2003cg      Ia-norm    0.4332   1.17   0.8217   0.0406    -2.10  0    cut
 266  sn2002ha      Ia-norm    0.4535   1.16   0.8145   0.0417     1.70  0    cut
 267  sn2002bo      Ia-norm    0.4413   1.16   0.8376   0.0420    -4.80  0    cut
 268  sn2001eh      Ia-91T     0.4061   1.15   0.8307   0.0422    -4.90  0    cut
 269  kcSB3         Gal        0.6715   1.13   0.7651   0.0435   -99.90  2    cut
 270  sn1990N       Ia-norm    0.4373   1.13   0.7863   0.0373   212.30  0    cut
 271  sn2006al      Ia-norm    0.4034   1.12   0.8108   0.0431     4.30  0    cut
 272  sn1996C       Ia-norm    0.4075   1.11   0.8072   0.0444     7.80  0    cut
 273  sn2001da      Ia-norm    0.4481   1.11   0.8323   0.0425    -1.00  0    cut
 274  sn2006oa      Ia-91T     0.4061   1.11   0.8272   0.0422    -3.80  0    cut
 275  sn2006oa      Ia-91T     0.4061   1.10   0.8299   0.0438    -5.70  0    cut
 276  sn1997cy      IIn        0.4034   1.10   0.8402   0.0555   116.80  1    cut
 277  sn1990N       Ia-norm    0.4346   1.10   0.8389   0.0457   -14.20  0    cut
 278  sn2005cf      Ia-norm    0.4346   1.10   0.8214   0.0438    -0.20  0    cut
 279  sn2006oa      Ia-91T     0.4061   1.10   0.8213   0.0429    -0.10  0    cut
 280  sn2002er      Ia-norm    0.4332   1.10   0.8293   0.0450    -6.00  0    cut
 281  sn2007if      Ia-pec     0.4197   1.10   0.8092   0.0463     5.60  0    cut
 282  sn2006cj      Ia-norm    0.4088   1.09   0.8157   0.0453     4.40  0    cut
 283  sn1994S       Ia-norm    0.4346   1.09   0.8263   0.0424    -3.00  0    cut
 284  sn1999ee      Ia-norm    0.4116   1.08   0.8331   0.0449    -7.20  0    cut
 285  sn2002er      Ia-norm    0.4373   1.07   0.8259   0.0451    -3.10  0    cut
 286  sn2006oa      Ia-91T     0.4061   1.06   0.8240   0.0427    -2.00  0    cut
 287  sn2003W       Ia-norm    0.4522   1.06   0.8744   0.0445   -11.10  0    cut
 288  sn2006oa      Ia-91T     0.4061   1.06   0.8275   0.0440    -4.70  0    cut
 289  sn2006cj      Ia-norm    0.4116   1.05   0.8207   0.0447    -1.20  0    cut
 290  sn2002bo      Ia-norm    0.4359   1.05   0.7935   0.0410   310.40  0    cut
 291  sn2007if      Ia-pec     0.4427   1.04   0.8137   0.0524    15.90  0    cut
 292  sn2002er      Ia-norm    0.4305   1.04   0.8238   0.0455    -2.10  0    cut
 293  sn2007if      Ia-pec     0.4576   1.04   0.8064   0.0542     9.40  0    cut
 294  sn2006al      Ia-norm    0.4075   1.04   0.8155   0.0434     3.40  0    cut
 295  sn2005cf      Ia-norm    0.4034   1.03   0.8177   0.0446     1.50  0    cut
 296  sn1998bw      Ic-broad   0.5009   1.03   0.7623   0.0584    12.70  0    cut
 297  sn1997ef      Ic-broad   0.4088   1.03   0.8979   0.0444    -5.00  0    cut
 298  kcSB6         Gal        0.6755   1.02   0.7099   0.0480   -99.90  2    cut
 299  sn2003U       Ia-norm    0.4562   1.02   0.8335   0.0441    -8.50  0    cut
 300  sn2007if      Ia-pec     0.4413   1.01   0.8161   0.0504    14.10  0    cut
 301  sn2003du      Ia-norm    0.4197   1.01   0.8099   0.0467     4.00  0    cut
 302  sn2003du      Ia-norm    0.4264   1.01   0.8213   0.0444    -4.20  0    cut
 303  sn1999aa      Ia-91T     0.4061   1.01   0.8172   0.0444     1.80  0    cut
 304  sn2002er      Ia-norm    0.4359   1.01   0.8206   0.0466     2.90  0    cut
 305  sn2005cf      Ia-norm    0.4034   1.01   0.8221   0.0448    -1.50  0    cut
 306  sn1993J       IIb        0.4495   1.00   0.6404   0.0580   277.00  0    cut
 307  sn2005cf      Ia-norm    0.4048   1.00   0.8233   0.0451    -2.40  0    cut
 308  sn2001eh      Ia-91T     0.4048   1.00   0.8239   0.0468     2.70  0    cut
 309  sn2007ae      Ia-norm    0.4129   1.00   0.8190   0.0469     2.30  0    cut
 310  sn1999ee      Ia-norm    0.4116   0.99   0.8242   0.0461     1.80  0    cut
 311  sn2005cf      Ia-norm    0.4359   0.99   0.8281   0.0469    -5.50  0    cut
 312  sn2005cf      Ia-norm    0.4034   0.99   0.8366   0.0478   -10.20  0    cut
 313  sn1995E       Ia-norm    0.4589   0.99   0.8012   0.0497     8.90  0    cut
 314  sn1998bw      Ic-broad   0.4386   0.98   0.7818   0.0607    11.70  0    cut
 315  sn1987A       II-pec     0.5144   0.97   0.6891   0.0573   504.20  0    cut
 316  sn2003du      Ia-norm    0.4264   0.97   0.8229   0.0456    -6.10  0    cut
 317  sn1993J       IIb        0.4102   0.96   0.6367   0.0512   265.00  0    cut
 318  sn2001eh      Ia-91T     0.4075   0.96   0.8317   0.0449    -5.90  0    cut
 319  sn1999em      IIP        0.4644   0.96   0.6812   0.0548    -3.70  0    cut
 320  sn2007if      Ia-pec     0.4197   0.96   0.8071   0.0504     7.40  0    cut
 321  sn1999ee      Ia-norm    0.4102   0.94   0.8254   0.0466    -0.20  0    cut
 322  kcS0          Gal        0.6769   0.94   0.5541   0.0437   -99.90  2    cut
 323  sn2006oa      Ia-91T     0.4061   0.94   0.8289   0.0466    -8.50  0    cut
 324  sn1993J       IIb        0.4251   0.93   0.8116   0.0390    62.00  0    cut
 325  sn1987A       II-pec     0.5144   0.93   1.0000   0.0000   441.30  0    cut
 326  sn2005cf      Ia-norm    0.4264   0.91   0.7707   0.0357   316.90  0    cut
 327  sn2007af      Ia-norm    0.4359   0.91   0.7801   0.0400   300.80  0    cut
 328  sn2005cf      Ia-norm    0.4007   0.91   0.8297   0.0480    -7.30  0    cut
 329  sn2005cf      Ia-norm    0.4034   0.91   0.8336   0.0495    -9.20  0    cut
 330  sn1991bg      Ia-91bg    0.4048   0.91   0.8071   0.0524   112.60  0    cut
 331  sn2005cf      Ia-norm    0.4061   0.91   0.8275   0.0479    -6.60  0    cut
 332  sn1998bw      Ic-broad   0.4711   0.90   1.0000   0.0000    36.50  0    cut
 333  sn1997cy      IIn        0.4860   0.90   0.7279   0.0452    29.40  1    cut
 334  kcSa          Gal        0.6755   0.88   0.3774   0.0375   -99.90  2    cut
 335  sn2006oa      Ia-91T     0.4061   0.88   0.8285   0.0468    -7.60  0    cut
 336  sn2005cf      Ia-norm    0.4034   0.87   0.8274   0.0489    -6.30  0    cut
 337  sn1998bw      Ic-broad   0.4698   0.85   1.0000   0.0000    26.70  0    cut
 338  sn1999em      IIP        0.4034   0.85   0.8189   0.0364   327.80  0    cut
 339  sn2005cf      Ia-norm    0.4034   0.84   0.8305   0.0501    -8.20  0    cut
 340  sn1987A       II-pec     0.5144   0.84   1.0000   0.0000   413.40  0    cut
 341  kcSb          Gal        0.6742   0.83   0.7617   0.0405   -99.90  2    cut
 342  kcSB5         Gal        0.6742   0.82   0.7562   0.0324   -99.90  2    cut
 343  lbv2001ac     LBV        0.4210   0.81   0.9616   0.0435   -99.90  2    cut
 344  sn1987A       II-pec     0.5144   0.80   1.0000   0.0000   429.40  0    cut
 345  sn1994D       Ia-norm    0.4481   0.79   0.8561   0.0480   -11.10  0    cut
 346  sn1987A       II-pec     0.4792   0.76   0.5637   0.0442   255.20  0    cut
 347  sn1987A       II-pec     0.5144   0.72   0.5604   0.0456   324.10  0    cut
 348  sn1993J       IIb        0.4549   0.71   0.6393   0.0834   245.00  0    cut
 349  sn1993J       IIb        0.4562   0.67   0.5688   0.0858   214.00  0    cut
 350  sn1993J       IIb        0.4048   0.67   1.0000   0.0000   188.00  0    cut
 351  sn1987A       II-pec     0.5144   0.66   1.0000   0.0000   339.00  0    cut
 352  sn1993J       IIb        0.4468   0.66   1.0000   0.0000   161.00  0    cut
 353  sn1993J       IIb        0.4305   0.65   1.0000   0.0000   205.00  0    cut
 354  sn1996cb      IIb        0.4386   0.65   0.5735   0.0472    92.40  0    cut
 355  sn1993J       IIb        0.4143   0.64   0.8115   0.0438    72.00  0    cut
 356  sn1998es      Ia-91T     0.4102   0.64   0.8263   0.0515    -9.40  0    cut
 357  sn1993J       IIb        0.4359   0.63   1.0000   0.0000   146.00  0    cut
 358  agn           AGN        0.6742   0.61   0.9567   0.0592   -99.90  2    cut
 359  sn1999em      IIP        0.4021   0.61   1.0000   0.0000   307.80  0    cut
 360  sn1999em      IIP        0.4007   0.54   0.6404   0.0591     6.20  0    cut
 361  sn1993J       IIb        0.4007   0.53   1.0000   0.0000   118.00  0    cut
 362  sn1987A       II-pec     0.5144   0.51   1.0000   0.0000   255.20  0    cut
 363  sn1997cy      IIn        0.4034   0.45   1.0000   0.0000   226.10  1    cut
 364  sn1987A       II-pec     0.5144   0.43   0.9525   0.0610   316.00  0    cut
