### SNID output file ###
 
### input spectrum and options ###
# Input spectrum                 : T2m3ws-20211115.125303-0067.p12_SN.dat
# Parameter file                 : NA
# Wavelength range               :    3503.10   8999.76
# Mask file                      : NA
# Median filtering width [A]     : NA
# Median filtering width [pix]   :       1.00
# Clip emission redshift         : NA
# Clip sky lines                 : 0
# Emission clip width [A]        : NA
# Keep A-band                    : 1
# Age range                      :     -90.00   1000.00
# Delta range                    :      -9.99     99.90
# Min. number of spectra/template:   1
# Use only templates             : NA
# Use only types                 : NA
# Avoid templates                : NA
# Avoid types                    : NA
# rlapmin                        :       5.00
# Redshift range                 :     0.0000    1.0000
# Forced initial redshift        : NA
# Extra fake redshift            : NA
# Nsigma for initial redshift    : NA
# Redshift filter                :     0.0200
# Wavenumbers k1,k2,k3,k4        :     1    4   85  102
# Template directory             : /pkg/linux/snid/templates/
 
### initial/user-input redshift ###
zinit       0.8234
zuser       0.8234
 
### median redshift/age and error ###
zmed        0.8415    0.0012
agem          8.35      8.13
 
### type fraction/redshift/age ###
#type ntemp fraction slope redshift redshift_error age age_error
Ia              1      0.33    0.0000    0.8407    0.0000    14.100     0.000
Ia-norm         0      0.00    0.0000    0.0000    0.0000     0.000     0.000
Ia-91T          0      0.00    0.0000    0.0000    0.0000     0.000     0.000
Ia-91bg         1      0.33    0.0000    0.8407    0.0000    14.100     0.000
Ia-csm          0      0.00    0.0000    0.0000    0.0000     0.000     0.000
Ia-pec          0      0.00    0.0000    0.0000    0.0000     0.000     0.000
###
Ib              0      0.00    0.0000    0.0000    0.0000     0.000     0.000
Ib-norm         0      0.00    0.0000    0.0000    0.0000     0.000     0.000
Ib-pec          0      0.00    0.0000    0.0000    0.0000     0.000     0.000
IIb             0      0.00    0.0000    0.0000    0.0000     0.000     0.000
###
Ic              2      0.67    0.3333    0.8422    0.0011     2.600     0.000
Ic-norm         2      0.67    0.3333    0.8422    0.0011     2.600     0.000
Ic-pec          0      0.00    0.0000    0.0000    0.0000     0.000     0.000
Ic-broad        0      0.00    0.0000    0.0000    0.0000     0.000     0.000
###
II              0      0.00    0.0000    0.0000    0.0000     0.000     0.000
IIP             0      0.00    0.0000    0.0000    0.0000     0.000     0.000
II-pec          0      0.00    0.0000    0.0000    0.0000     0.000     0.000
IIn             0      0.00    0.0000    0.0000    0.0000     0.000     0.000
IIL             0      0.00    0.0000    0.0000    0.0000     0.000     0.000
###
NotSN           0      0.00    0.0000    0.0000    0.0000     0.000     0.000
AGN             0      0.00    0.0000    0.0000    0.0000     0.000     0.000
Gal             0      0.00    0.0000    0.0000    0.0000     0.000     0.000
LBV             0      0.00    0.0000    0.0000    0.0000     0.000     0.000
M-star          0      0.00    0.0000    0.0000    0.0000     0.000     0.000
 
### rlap-ordered template listings ###
#no. sn type lap rlap z zerr age age_flag grade
   1  sn1991T       Ia-91T     0.4034   8.72   0.8460   0.0104   -11.70  0    bad
   2  sn1991T       Ia-91T     0.4021   6.84   0.8449   0.0127   -10.70  0    bad
   3  sn1994I       Ic-norm    0.4237   6.84   0.8430   0.0142     2.60  0   good
   4  sn1991bg      Ia-91bg    0.4034   5.46   0.8407   0.0171    14.10  0   good
   5  sn1991N       Ic-norm    0.4346   5.09   0.8415   0.0184     6.60  1   good
#--- rlap cutoff
   6  sn1993J       IIb        0.4278   4.69   0.8277   0.0158    12.00  0    cut
   7  sn1993J       IIb        0.4278   4.59   0.8277   0.0162    11.00  0    cut
   8  sn1991N       Ic-norm    0.4116   4.52   0.8270   0.0201    27.90  1    cut
   9  sn1997ef      Ic-broad   0.4170   4.38   0.8325   0.0195    48.40  0    cut
  10  sn1991N       Ic-norm    0.4346   4.26   0.8427   0.0212     7.60  1    cut
  11  sn1991N       Ic-norm    0.4332   4.24   0.8415   0.0214     5.70  1    cut
  12  sn2007ux      Ia-norm    0.4549   4.09   0.8231   0.0194    15.50  0    cut
  13  sn1996X       Ia-norm    0.4657   4.00   0.8120   0.0171    86.90  0    cut
  14  sn1993J       IIb        0.4549   4.00   0.8263   0.0178    13.00  0    cut
  15  sn1993J       IIb        0.4522   3.99   0.8359   0.0163    -2.00  0    cut
  16  sn1991bg      Ia-91bg    0.4346   3.77   0.8450   0.0224    18.30  0    cut
  17  sn2002fb      Ia-91bg    0.4562   3.72   0.8291   0.0218    52.50  0    cut
  18  sn1997ef      Ic-broad   0.4400   3.68   0.8306   0.0200    75.00  0    cut
  19  sn1990I       Ib-norm    0.4332   3.68   0.8336   0.0179    40.10  0    cut
  20  sn1993J       IIb        0.4508   3.68   0.8390   0.0169    -4.00  0    cut
  21  sn1993J       IIb        0.4495   3.67   0.8380   0.0172    -3.00  0    cut
  22  sn2005cs      IIP        0.4156   3.64   0.8025   0.0212    39.70  0    cut
  23  sn1991bg      Ia-91bg    0.4278   3.63   0.8252   0.0229    53.90  0    cut
  24  sn2006D       Ia-norm    0.4305   3.58   0.8337   0.0234    12.50  0    cut
  25  sn1991N       Ic-norm    0.4562   3.47   0.8394   0.0256     0.00  1    cut
  26  sn1997ef      Ic-broad   0.4508   3.42   0.8282   0.0252    46.20  0    cut
  27  sn1997dq      Ic-broad   0.4088   3.41   0.8261   0.0233    81.70  1    cut
  28  sn2001ep      Ia-norm    0.4102   3.41   0.8213   0.0235    28.50  0    cut
  29  sn1999em      IIP        0.4630   3.35   0.8128   0.0213    58.10  0    cut
  30  sn1993J       IIb        0.4535   3.34   0.8249   0.0196    24.00  0    cut
  31  sn2002fk      Ia-norm    0.4346   3.32   0.8132   0.0211    33.20  0    cut
  32  sn2006gz      Ia-pec     0.4359   3.30   0.8521   0.0232   -12.30  0    cut
  33  sn2005cs      IIP        0.4075   3.28   0.8017   0.0237    56.70  0    cut
  34  sn1996X       Ia-norm    0.4048   3.19   0.8215   0.0239    55.60  0    cut
  35  sn2007hj      Ia-norm    0.4346   3.16   0.8297   0.0250     8.20  0    cut
  36  sn1991N       Ic-norm    0.4549   3.10   0.8323   0.0275    12.00  1    cut
  37  sn1990U       Ic-norm    0.4048   3.08   0.8150   0.0258    10.90  0    cut
  38  sn1997dq      Ic-broad   0.4102   3.05   0.8337   0.0259     1.00  1    cut
  39  sn2004aw      Ic-norm    0.4075   3.05   0.8459   0.0245    -0.20  0    cut
  40  sn1997ef      Ic-broad   0.4359   3.01   0.8444   0.0272    48.10  0    cut
  41  sn2004aw      Ic-norm    0.4278   2.99   0.8466   0.0242    -1.70  0    cut
  42  sn2007if      Ia-pec     0.4644   2.95   0.8413   0.0223    -9.20  0    cut
  43  sn1994D       Ia-norm    0.4278   2.91   0.8082   0.0243    82.50  0    cut
  44  sn2008D       Ib-pec     0.4210   2.87   0.9024   0.0215   -13.50  0    cut
  45  sn2002ap      Ic-broad   0.4305   2.86   0.8407   0.0216   267.20  0    cut
  46  sn2005cs      IIP        0.4468   2.83   0.8069   0.0243    29.80  0    cut
  47  sn1992A       Ia-norm    0.6742   2.81   0.8250   0.0247     8.20  0    cut
  48  sn2007if      Ia-pec     0.4088   2.79   0.8057   0.0264   118.90  0    cut
  49  sn2001br      Ia-norm    0.4481   2.76   0.8253   0.0273    27.00  0    cut
  50  sn1992A       Ia-norm    0.4359   2.76   0.8359   0.0269    16.80  0    cut
  51  sn1994D       Ia-norm    0.4305   2.73   0.8223   0.0279    23.70  0    cut
  52  sn2002kf      Ia-norm    0.4454   2.66   0.8211   0.0273    29.50  0    cut
  53  sn2006bt      Ia-norm    0.4129   2.65   0.8401   0.0313     2.90  0    cut
  54  sn2001ah      Ia-91T     0.4684   2.63   0.8195   0.0266    17.80  0    cut
  55  sn2000cx      Ia-pec     0.4034   2.62   0.8169   0.0289    70.10  0    cut
  56  sn2003kc      Ia-norm    0.4386   2.62   0.8177   0.0284    43.60  0    cut
  57  sn2003du      Ia-norm    0.4183   2.61   0.8192   0.0278    25.70  0    cut
  58  sn2002er      Ia-norm    0.4088   2.56   0.8326   0.0309    14.90  0    cut
  59  sn2002er      Ia-norm    0.4088   2.55   0.8325   0.0309    15.80  0    cut
  60  sn2007if      Ia-pec     0.4237   2.53   0.8171   0.0272    34.40  0    cut
  61  sn2002fk      Ia-norm    0.4373   2.52   0.8002   0.0256   119.40  0    cut
  62  sn2000cx      Ia-pec     0.4048   2.51   0.8127   0.0295    95.90  0    cut
  63  sn1990N       Ia-norm    0.4319   2.49   0.8211   0.0287    16.70  0    cut
  64  sn2000cx      Ia-pec     0.4048   2.49   0.8191   0.0302    60.20  0    cut
  65  sn2000cx      Ia-pec     0.4048   2.47   0.8126   0.0298    92.00  0    cut
  66  sn1991T       Ia-91T     0.4237   2.46   0.8161   0.0294    23.50  0    cut
  67  sn1999ac      Ia-91T     0.4156   2.46   0.8148   0.0298    16.80  0    cut
  68  sn2000cx      Ia-pec     0.4048   2.45   0.8074   0.0298   145.50  0    cut
  69  sn2001G       Ia-norm    0.4278   2.44   0.8137   0.0296    62.70  0    cut
  70  sn2003kf      Ia-norm    0.4143   2.43   0.8193   0.0299    41.20  0    cut
  71  sn1999aa      Ia-91T     0.4251   2.43   0.8152   0.0291    25.20  0    cut
  72  sn1991M       Ia-norm    0.4386   2.41   0.8231   0.0302    24.80  0    cut
  73  sn1996X       Ia-norm    0.4738   2.40   0.8201   0.0282     7.10  0    cut
  74  sn2006D       Ia-norm    0.4319   2.40   0.8451   0.0303    -5.30  0    cut
  75  sn1990O       Ia-norm    0.4292   2.39   0.8263   0.0297    19.40  0    cut
  76  sn1990N       Ia-norm    0.4007   2.39   0.8193   0.0289    13.50  0    cut
  77  sn2001V       Ia-91T     0.4440   2.38   0.8056   0.0277   104.80  0    cut
  78  sn1992H       IIP        0.4725   2.38   0.8341   0.0196    24.50  0    cut
  79  sn2006D       Ia-norm    0.4319   2.37   0.8460   0.0310    -7.30  0    cut
  80  sn2001G       Ia-norm    0.4386   2.35   0.8057   0.0279   122.60  0    cut
  81  sn1991T       Ia-91T     0.4170   2.35   0.8136   0.0310    44.30  0    cut
  82  sn2003du      Ia-norm    0.4359   2.33   0.8147   0.0295    58.80  0    cut
  83  sn2008C       Ia-norm    0.4400   2.31   0.8059   0.0288    90.80  0    cut
  84  sn2008Z       Ia-norm    0.4264   2.31   0.8187   0.0305    41.60  0    cut
  85  sn2006D       Ia-norm    0.4305   2.31   0.8458   0.0312    -1.40  0    cut
  86  sn2000cx      Ia-pec     0.4048   2.30   0.8105   0.0319   123.70  0    cut
  87  sn2007if      Ia-pec     0.4088   2.29   0.8139   0.0304    39.10  0    cut
  88  sn2007if      Ia-pec     0.4251   2.29   0.8141   0.0299    28.00  0    cut
  89  sn2002bo      Ia-norm    0.4346   2.28   0.8181   0.0318    44.00  0    cut
  90  sn2004dt      Ia-norm    0.4088   2.27   0.8455   0.0250    -6.40  0    cut
  91  sn1991T       Ia-91T     0.4197   2.27   0.8100   0.0302    73.80  0    cut
  92  sn2003fa      Ia-91T     0.4671   2.24   0.8157   0.0296    18.50  0    cut
  93  sn1994Q       Ia-norm    0.4237   2.23   0.8207   0.0310    18.60  0    cut
  94  sn1995F       Ic-norm    0.4346   2.23   0.8185   0.0299    35.70  1    cut
  95  sn1999ac      Ia-91T     0.4116   2.22   0.8128   0.0315    11.80  0    cut
  96  sn1996X       Ia-norm    0.4630   2.21   0.8223   0.0308    21.70  0    cut
  97  snls03D3bb    Ia-pec     0.5727   2.21   0.8217   0.0279     2.00  0    cut
  98  sn2008D       Ib-pec     0.4170   2.21   0.8776   0.0307   -12.50  0    cut
  99  sn2002jy      Ia-norm    0.4495   2.20   0.8141   0.0307    33.40  0    cut
 100  sn1995al      Ia-norm    0.4373   2.19   0.8200   0.0309    25.20  0    cut
 101  sn2001V       Ia-91T     0.4292   2.19   0.8203   0.0317    21.30  0    cut
 102  sn1996X       Ia-norm    0.4630   2.17   0.8215   0.0308    24.00  0    cut
 103  sn1995D       Ia-norm    0.4386   2.17   0.8159   0.0323    38.20  0    cut
 104  sn2001V       Ia-91T     0.4386   2.17   0.8064   0.0305    79.30  0    cut
 105  sn1991M       Ia-norm    0.4386   2.16   0.8223   0.0335    25.80  0    cut
 106  sn2001ay      Ia-norm    0.4576   2.16   0.8081   0.0350    54.70  0    cut
 107  sn2001ep      Ia-norm    0.4102   2.16   0.8172   0.0319     7.70  0    cut
 108  sn2005cf      Ia-norm    0.4224   2.16   0.8159   0.0310     9.40  0    cut
 109  sn2006bt      Ia-norm    0.4901   2.15   0.8465   0.0337    -4.60  0    cut
 110  sn2005bf      Ib-pec     0.4779   2.15   0.8056   0.0274     3.40  0    cut
 111  sn2001ay      Ia-norm    0.5645   2.14   0.8273   0.0283     5.80  0    cut
 112  sn1990O       Ia-norm    0.4630   2.13   0.8131   0.0282    18.60  0    cut
 113  sn2001cj      Ia-norm    0.4251   2.12   0.8152   0.0315    13.60  0    cut
 114  sn1991M       Ia-norm    0.4386   2.11   0.8035   0.0310   111.80  0    cut
 115  sn1997bq      Ia-norm    0.4400   2.11   0.8291   0.0335    12.20  0    cut
 116  sn2007co      Ia-norm    0.4481   2.11   0.8040   0.0313    87.20  0    cut
 117  sn1997do      Ia-norm    0.4386   2.10   0.8293   0.0329    21.00  0    cut
 118  sn2001ay      Ia-norm    0.4522   2.10   0.8043   0.0321    30.40  0    cut
 119  sn2008D       Ib-pec     0.4129   2.09   0.8366   0.0356    63.90  0    cut
 120  sn2001ay      Ia-norm    0.4495   2.09   0.8052   0.0323    31.40  0    cut
 121  sn2001V       Ia-91T     0.4292   2.08   0.8195   0.0326    20.30  0    cut
 122  sn2000cx      Ia-pec     0.4048   2.05   0.8244   0.0333    40.40  0    cut
 123  sn2000cx      Ia-pec     0.4007   2.03   0.8261   0.0328    30.50  0    cut
 124  sn1996X       Ia-norm    0.4711   2.03   0.8219   0.0290     0.10  0    cut
 125  sn1993ac      Ia-norm    0.4941   2.03   0.8227   0.0292     6.90  0    cut
 126  sn1998bw      Ic-broad   0.4346   2.03   1.0000   0.0000    43.40  0    cut
 127  sn2001az      Ia-91T     0.4630   2.03   0.8160   0.0316    20.00  0    cut
 128  sn2001V       Ia-91T     0.4292   2.02   0.8152   0.0340    51.70  0    cut
 129  sn1994M       Ia-norm    0.4589   2.01   0.8280   0.0328    12.50  0    cut
 130  sn2008C       Ia-norm    0.4427   2.01   0.8204   0.0328    10.30  0    cut
 131  sn2007if      Ia-pec     0.4251   2.00   0.8166   0.0337    25.20  0    cut
 132  sn1997cy      IIn        0.5686   2.00   0.7164   0.0283   196.10  1    cut
 133  sn2001bf      Ia-norm    0.4373   1.99   0.8074   0.0298     8.70  0    cut
 134  sn2004dt      Ia-norm    0.4427   1.99   0.8535   0.0262    -9.40  0    cut
 135  sn1991T       Ia-91T     0.4210   1.98   0.8152   0.0329    14.50  0    cut
 136  sn2004dt      Ia-norm    0.4088   1.97   0.8445   0.0277    -5.60  0    cut
 137  sn2004dt      Ia-norm    0.4251   1.95   0.8469   0.0271    -8.50  0    cut
 138  sn1996X       Ia-norm    0.4684   1.94   0.8187   0.0303     1.10  0    cut
 139  sn1998bw      Ic-broad   0.4955   1.94   0.7556   0.0312    18.70  0    cut
 140  sn1990N       Ia-norm    0.6742   1.93   0.8171   0.0310     3.90  0    cut
 141  sn2002eu      Ia-norm    0.4792   1.92   0.8303   0.0360    60.70  0    cut
 142  sn1991N       Ic-norm    0.4657   1.92   0.8485   0.0358   250.20  1    cut
 143  sn1999ac      Ia-91T     0.4183   1.91   0.8145   0.0341     8.80  0    cut
 144  sn2005cs      IIP        0.4440   1.90   0.8126   0.0232     9.80  0    cut
 145  sn1999aa      Ia-91T     0.4116   1.90   0.8145   0.0356    59.90  0    cut
 146  sn1993J       IIb        0.4129   1.89   0.8254   0.0273    35.00  0    cut
 147  kcSc          Gal        0.6715   1.89   0.7028   0.0326   -99.90  2    cut
 148  sn1994M       Ia-norm    0.4156   1.88   0.8257   0.0330    11.50  0    cut
 149  sn2007kk      Ia-norm    0.4671   1.86   0.8043   0.0354    90.40  0    cut
 150  sn2005hk      Ia-pec     0.4183   1.83   0.7970   0.0356    23.40  0    cut
 151  sn1998bw      Ic-broad   0.4968   1.83   0.7661   0.0305    20.70  0    cut
 152  sn2001ay      Ia-norm    0.4427   1.82   0.8284   0.0321     3.30  0    cut
 153  sn1992A       Ia-norm    0.6742   1.82   0.8292   0.0341    -0.80  0    cut
 154  kcSB2         Gal        0.6742   1.81   0.6838   0.0355   -99.90  2    cut
 155  sn1998bw      Ic-broad   0.4400   1.80   0.7083   0.0386    23.70  0    cut
 156  sn2002bo      Ia-norm    0.4657   1.76   0.8289   0.0338     5.20  0    cut
 157  sn1995al      Ia-norm    0.4278   1.76   0.8195   0.0365    16.40  0    cut
 158  sn2006gz      Ia-pec     0.4373   1.75   0.8263   0.0348     5.30  0    cut
 159  sn2002ic      Ia-csm     0.4616   1.73   0.8151   0.0334     5.60  0    cut
 160  sn1981B       Ia-norm    0.6755   1.72   0.8249   0.0359    -1.50  0    cut
 161  sn1994T       Ia-norm    0.4359   1.72   0.8264   0.0337     0.80  0    cut
 162  sn2006bt      Ia-norm    0.4237   1.71   0.8377   0.0382    -3.90  0    cut
 163  sn2004dt      Ia-norm    0.4251   1.69   0.8414   0.0311    -3.70  0    cut
 164  sn1998bw      Ic-broad   0.6525   1.68   0.8399   0.0411    86.90  0    cut
 165  sn2001ah      Ia-91T     0.4779   1.68   0.8090   0.0402    44.30  0    cut
 166  sn2008D       Ib-pec     0.4251   1.68   0.8230   0.0369    15.40  0    cut
 167  sn1995D       Ia-norm    0.4996   1.67   0.8149   0.0349    16.50  0    cut
 168  sn2001ck      Ia-norm    0.4603   1.67   0.8203   0.0352     5.80  0    cut
 169  kcSB1         Gal        0.6701   1.67   0.6847   0.0350   -99.90  2    cut
 170  sn1997cy      IIn        0.4007   1.67   0.8412   0.0450    14.10  1    cut
 171  sn2003ch      Ia-norm    0.4508   1.66   0.8172   0.0320     1.80  0    cut
 172  sn2005hk      Ia-pec     0.4508   1.66   0.8105   0.0310    -5.10  0    cut
 173  sn1992A       Ia-norm    0.6742   1.65   0.8346   0.0368     5.50  0    cut
 174  sn1998bw      Ic-broad   0.4671   1.63   0.8461   0.0316    27.60  0    cut
 175  sn1999ee      Ia-norm    0.4075   1.62   0.8195   0.0392    15.70  0    cut
 176  sn1999ex      Ib-norm    0.4197   1.60   0.8371   0.0393     0.40  0    cut
 177  sn2006cj      Ia-norm    0.4088   1.59   0.8190   0.0378    11.00  0    cut
 178  sn1991T       Ia-91T     0.6755   1.58   0.8359   0.0417    -1.50  0    cut
 179  sn1993J       IIb        0.4061   1.57   0.6645   0.0324   412.10  0    cut
 180  sn1999ee      Ia-norm    0.5023   1.57   0.8411   0.0381    -9.10  0    cut
 181  sn1999em      IIP        0.4007   1.56   0.8282   0.0287    16.10  0    cut
 182  sn2001br      Ia-norm    0.4427   1.52   0.8270   0.0362     2.50  0    cut
 183  sn1992A       Ia-norm    0.6742   1.52   0.8401   0.0388    -5.40  0    cut
 184  sn2006al      Ia-norm    0.4075   1.51   0.8185   0.0371     5.40  0    cut
 185  sn1997br      Ia-91T     0.4170   1.51   0.8149   0.0431    71.30  0    cut
 186  sn2007if      Ia-pec     0.4183   1.51   0.8119   0.0374    13.90  0    cut
 187  sn1989B       Ia-norm    0.5023   1.51   0.8260   0.0325    -7.20  0    cut
 188  sn1997br      Ia-91T     0.4427   1.49   0.8139   0.0403    11.90  0    cut
 189  sn2004dt      Ia-norm    0.4427   1.47   0.8505   0.0321    -6.50  0    cut
 190  sn2007if      Ia-pec     0.4671   1.46   0.8168   0.0365     4.70  0    cut
 191  sn1992A       Ia-norm    0.6742   1.46   0.8328   0.0442     2.00  0    cut
 192  sn1992A       Ia-norm    0.6742   1.46   0.8500   0.0426    11.20  0    cut
 193  sn2002cx      Ia-pec     0.4292   1.45   0.7976   0.0413    25.00  0    cut
 194  sn2007if      Ia-pec     0.4671   1.44   0.8117   0.0387     6.60  0    cut
 195  sn1990O       Ia-norm    0.4603   1.44   0.8456   0.0369    -5.60  0    cut
 196  sn2001ah      Ia-91T     0.4440   1.44   0.8089   0.0427    45.20  0    cut
 197  kcSB4         Gal        0.6715   1.44   0.6796   0.0272   -99.90  2    cut
 198  sn1998dt      Ib-norm    0.4129   1.43   0.8196   0.0407     7.90  0    cut
 199  sn2006cj      Ia-norm    0.4088   1.43   0.8200   0.0400     9.10  0    cut
 200  sn2006cj      Ia-norm    0.4102   1.43   0.8208   0.0440     5.40  0    cut
 201  sn1989B       Ia-norm    0.4454   1.43   0.8251   0.0360    -1.30  0    cut
 202  sn2004dt      Ia-norm    0.4007   1.42   0.8252   0.0362     3.80  0    cut
 203  sn1990O       Ia-norm    0.4616   1.41   0.8466   0.0373    -6.60  0    cut
 204  sn2007if      Ia-pec     0.4400   1.40   0.8139   0.0431    23.30  0    cut
 205  sn1991T       Ia-91T     0.4346   1.39   0.6841   0.0428   -12.80  0    cut
 206  sn1987A       II-pec     0.5104   1.38   0.6931   0.0451   701.70  0    cut
 207  sn1997cy      IIn        0.4007   1.37   0.6424   0.0347   377.70  1    cut
 208  sn2007if      Ia-pec     0.4928   1.37   0.8130   0.0383     6.10  0    cut
 209  sn1994ae      Ia-norm    0.4955   1.34   0.8108   0.0374     8.00  0    cut
 210  sn2006cj      Ia-norm    0.4088   1.33   0.8283   0.0393    -0.20  0    cut
 211  sn2006cj      Ia-norm    0.4075   1.33   0.8191   0.0404     8.20  0    cut
 212  sn2002ic      Ia-csm     0.4021   1.33   0.8213   0.0392    44.10  0    cut
 213  sn2001bf      Ia-norm    0.4440   1.33   0.7961   0.0473    58.80  0    cut
 214  sn1991T       Ia-91T     0.6715   1.33   0.8083   0.0381    45.20  0    cut
 215  kcE           Gal        0.6742   1.32   0.5489   0.0337   -99.90  2    cut
 216  sn2005cf      Ia-norm    0.4346   1.31   0.8178   0.0412     4.50  0    cut
 217  sn1984A       Ia-norm    0.4129   1.29   0.8667   0.0391    -6.70  0    cut
 218  sn1994D       Ia-norm    0.4765   1.29   0.8453   0.0391    -4.30  0    cut
 219  sn1999ee      Ia-norm    0.4075   1.29   0.8211   0.0435    10.60  0    cut
 220  sn1999ex      Ib-norm    0.4048   1.29   0.8421   0.0460    -4.50  0    cut
 221  sn1997bp      Ia-norm    0.4359   1.28   0.8488   0.0408    -3.00  0    cut
 222  sn2001ep      Ia-norm    0.4075   1.26   0.8158   0.0418     2.80  0    cut
 223  sn1984L       Ib-norm    0.4630   1.26   0.8113   0.0404    11.90  0    cut
 224  sn2002he      Ia-norm    0.4616   1.26   0.8355   0.0390    -3.20  0    cut
 225  sn1990N       Ia-norm    0.6755   1.25   0.8330   0.0444    -7.40  0    cut
 226  sn1997cy      IIn        0.4021   1.25   0.8304   0.0586    57.20  1    cut
 227  sn1994D       Ia-norm    0.4752   1.24   0.8440   0.0392    -6.10  0    cut
 228  sn1987A       II-pec     0.5117   1.24   0.6852   0.0471   634.90  0    cut
 229  sn1990O       Ia-norm    0.4603   1.23   0.8481   0.0399    -7.60  0    cut
 230  sn2007if      Ia-pec     0.4170   1.22   0.8123   0.0410     5.60  0    cut
 231  sn2004eo      Ia-norm    0.4007   1.22   0.8273   0.0405    -5.60  0    cut
 232  sn2002dj      Ia-norm    0.4346   1.22   0.8417   0.0410    -4.60  0    cut
 233  sn1997cy      IIn        0.4007   1.21   0.6982   0.0360     0.00  1    cut
 234  sn2005cf      Ia-norm    0.4156   1.20   0.8171   0.0436     6.20  0    cut
 235  sn1997cy      IIn        0.4007   1.18   0.6985   0.0356   125.30  1    cut
 236  sn2002dj      Ia-norm    0.4210   1.18   0.8385   0.0421    -3.60  0    cut
 237  sn2006aj      Ic-broad   0.4522   1.18   0.9003   0.0399     2.50  0    cut
 238  sn1998bw      Ic-broad   0.4576   1.18   1.0000   0.0000    66.10  0    cut
 239  sn1987A       II-pec     0.5117   1.17   0.6858   0.0485   628.80  0    cut
 240  sn2004S       Ia-norm    0.4671   1.17   0.8283   0.0434     1.60  0    cut
 241  sn2003cg      Ia-norm    0.4305   1.16   0.8273   0.0406    -2.10  0    cut
 242  sn2008D       Ib-pec     0.4292   1.16   0.9371   0.0508   -16.40  0    cut
 243  sn2007if      Ia-pec     0.4549   1.15   0.8071   0.0489     9.40  0    cut
 244  sn1987A       II-pec     0.4535   1.15   0.8244   0.0368   113.60  0    cut
 245  sn1997bq      Ia-norm    0.4386   1.14   0.8624   0.0423   -11.60  0    cut
 246  sn2004S       Ia-norm    0.4278   1.14   0.8203   0.0455     7.40  0    cut
 247  sn2002er      Ia-norm    0.4224   1.13   0.8340   0.0439    -5.00  0    cut
 248  sn1998bw      Ic-broad   0.4982   1.13   0.7648   0.0426    25.70  0    cut
 249  sn1993J       IIb        0.4440   1.13   0.6576   0.0301   294.00  0    cut
 250  sn1999ac      Ia-91T     0.4007   1.12   0.8166   0.0436     2.70  0    cut
 251  sn2002bo      Ia-norm    0.4034   1.12   0.8704   0.0433   -12.40  0    cut
 252  sn2002ha      Ia-norm    0.4508   1.12   0.8196   0.0424     1.70  0    cut
 253  sn1990N       Ia-norm    0.4346   1.11   0.7860   0.0388   212.30  0    cut
 254  sn2002bo      Ia-norm    0.4386   1.09   0.8409   0.0428    -4.80  0    cut
 255  sn2008D       Ib-pec     0.4292   1.09   0.6824   0.0520   -14.50  0    cut
 256  sn2006al      Ia-norm    0.4007   1.08   0.8147   0.0427     4.30  0    cut
 257  sn2001eh      Ia-91T     0.4034   1.08   0.8375   0.0435    -4.90  0    cut
 258  sn2007if      Ia-pec     0.4170   1.07   0.8090   0.0452     7.40  0    cut
 259  sn2005cf      Ia-norm    0.4237   1.06   0.7693   0.0327   316.90  0    cut
 260  sn2007if      Ia-pec     0.4400   1.06   0.8124   0.0528    15.90  0    cut
 261  sn2005cf      Ia-norm    0.4007   1.06   0.8446   0.0459   -11.20  0    cut
 262  sn1994S       Ia-norm    0.4319   1.05   0.8319   0.0434    -3.00  0    cut
 263  lbv2001ac     LBV        0.4183   1.05   0.9797   0.0370   -99.90  2    cut
 264  sn2006oa      Ia-91T     0.4034   1.04   0.8260   0.0438    -0.10  0    cut
 265  sn2006al      Ia-norm    0.4048   1.04   0.8189   0.0423     3.40  0    cut
 266  sn2006oa      Ia-91T     0.4034   1.03   0.8354   0.0450    -5.70  0    cut
 267  sn2001da      Ia-norm    0.4454   1.03   0.8347   0.0437    -1.00  0    cut
 268  sn2006oa      Ia-91T     0.4034   1.03   0.8329   0.0436    -3.80  0    cut
 269  sn2002er      Ia-norm    0.4305   1.03   0.8332   0.0462    -6.00  0    cut
 270  sn1998bw      Ic-broad   0.4359   1.02   0.7875   0.0580    11.70  0    cut
 271  sn1996C       Ia-norm    0.4048   1.02   0.8114   0.0458     7.80  0    cut
 272  sn2007if      Ia-pec     0.4386   1.02   0.8163   0.0503    14.10  0    cut
 273  sn2005cf      Ia-norm    0.4319   1.01   0.8246   0.0456    -0.20  0    cut
 274  sn2006cj      Ia-norm    0.4061   1.01   0.8212   0.0467     4.40  0    cut
 275  sn1999ee      Ia-norm    0.4088   1.01   0.8377   0.0458    -7.20  0    cut
 276  sn2002er      Ia-norm    0.4346   1.01   0.8297   0.0462    -3.10  0    cut
 277  sn1990N       Ia-norm    0.4319   1.00   0.8421   0.0471   -14.20  0    cut
 278  sn2002er      Ia-norm    0.4332   1.00   0.8231   0.0464     2.90  0    cut
 279  kcSB3         Gal        0.6688   1.00   0.7673   0.0459   -99.90  2    cut
 280  sn2002bo      Ia-norm    0.4332   1.00   0.7932   0.0453   310.40  0    cut
 281  sn2006oa      Ia-91T     0.4034   0.99   0.8298   0.0442    -2.00  0    cut
 282  sn2006cj      Ia-norm    0.4088   0.99   0.8268   0.0460    -1.20  0    cut
 283  sn2002er      Ia-norm    0.4278   0.99   0.8275   0.0465    -2.10  0    cut
 284  sn1998bw      Ic-broad   0.4982   0.98   0.7659   0.0604    12.70  0    cut
 285  sn2006oa      Ia-91T     0.4034   0.98   0.8336   0.0454    -4.70  0    cut
 286  sn2007af      Ia-norm    0.4332   0.98   0.7755   0.0396   300.80  0    cut
 287  sn1994D       Ia-norm    0.4779   0.97   0.8589   0.0444   -11.20  0    cut
 288  sn2003W       Ia-norm    0.4495   0.97   0.8768   0.0455   -11.10  0    cut
 289  sn1995E       Ia-norm    0.4562   0.95   0.8049   0.0490     8.90  0    cut
 290  sn2003U       Ia-norm    0.4535   0.95   0.8369   0.0454    -8.50  0    cut
 291  sn2003du      Ia-norm    0.4237   0.95   0.8257   0.0457    -4.20  0    cut
 292  sn1997cy      IIn        0.4007   0.95   0.8399   0.0604   116.80  1    cut
 293  sn1999aa      Ia-91T     0.4034   0.94   0.8243   0.0449     1.80  0    cut
 294  sn1999ee      Ia-norm    0.4088   0.94   0.8287   0.0467     1.80  0    cut
 295  sn2001eh      Ia-91T     0.4021   0.94   0.8282   0.0483     2.70  0    cut
 296  sn2005cf      Ia-norm    0.4007   0.94   0.8211   0.0467     1.50  0    cut
 297  sn2007ae      Ia-norm    0.4102   0.93   0.8236   0.0480     2.30  0    cut
 298  sn2003du      Ia-norm    0.4170   0.93   0.8145   0.0480     4.00  0    cut
 299  sn2005cf      Ia-norm    0.4007   0.91   0.8258   0.0471    -1.50  0    cut
 300  sn2005cf      Ia-norm    0.4021   0.91   0.8272   0.0473    -2.40  0    cut
 301  sn2005cf      Ia-norm    0.4332   0.91   0.8314   0.0486    -5.50  0    cut
 302  sn1993J       IIb        0.4224   0.91   0.8188   0.0397    62.00  0    cut
 303  sn2001eh      Ia-91T     0.4048   0.91   0.8380   0.0463    -5.90  0    cut
 304  sn2003du      Ia-norm    0.4237   0.90   0.8271   0.0472    -6.10  0    cut
 305  sn1997ef      Ic-broad   0.4061   0.90   0.8983   0.0477    -5.00  0    cut
 306  sn1999em      IIP        0.4616   0.89   0.6885   0.0556    -3.70  0    cut
 307  sn1999ee      Ia-norm    0.4075   0.89   0.8303   0.0473    -0.20  0    cut
 308  sn2005cf      Ia-norm    0.4007   0.89   0.8394   0.0493   -10.20  0    cut
 309  sn1997cy      IIn        0.4833   0.88   0.7393   0.0389    29.40  1    cut
 310  sn1999em      IIP        0.4007   0.88   0.8312   0.0395   327.80  0    cut
 311  sn1993J       IIb        0.4468   0.88   0.6569   0.0838   277.00  0    cut
 312  kcS0          Gal        0.6742   0.87   0.5554   0.0456   -99.90  2    cut
 313  sn1987A       II-pec     0.5117   0.87   0.6845   0.0565   504.20  0    cut
 314  sn2006oa      Ia-91T     0.4034   0.87   0.8338   0.0486    -8.50  0    cut
 315  sn2005cf      Ia-norm    0.4034   0.83   0.8308   0.0494    -6.60  0    cut
 316  sn2006oa      Ia-91T     0.4034   0.83   0.8336   0.0475    -7.60  0    cut
 317  sn2005cf      Ia-norm    0.4007   0.82   0.8366   0.0510    -9.20  0    cut
 318  kcSa          Gal        0.6728   0.81   0.3813   0.0385   -99.90  2    cut
 319  sn1987A       II-pec     0.5117   0.80   0.6635   0.0305   441.30  0    cut
 320  sn1993J       IIb        0.4075   0.80   0.6565   0.0519   265.00  0    cut
 321  sn2005cf      Ia-norm    0.4007   0.79   0.8309   0.0507    -6.30  0    cut
 322  sn1987A       II-pec     0.5117   0.79   1.0000   0.0000   413.40  0    cut
 323  kcSB5         Gal        0.6715   0.78   0.7601   0.0287   -99.90  2    cut
 324  sn1998bw      Ic-broad   0.4684   0.78   1.0000   0.0000    36.50  0    cut
 325  sn2005cf      Ia-norm    0.4007   0.77   0.8337   0.0516    -8.20  0    cut
 326  sn1987A       II-pec     0.5117   0.75   1.0000   0.0000   429.40  0    cut
 327  kcSB6         Gal        0.6728   0.74   0.7043   0.0583   -99.90  2    cut
 328  sn1991bg      Ia-91bg    0.4021   0.74   0.8064   0.0656   112.60  0    cut
 329  sn1998bw      Ic-broad   0.4671   0.73   1.0000   0.0000    26.70  0    cut
 330  kcSb          Gal        0.6715   0.73   0.7688   0.0409   -99.90  2    cut
 331  sn1987A       II-pec     0.4765   0.71   0.5658   0.0428   255.20  0    cut
 332  sn1994D       Ia-norm    0.4454   0.71   0.8581   0.0496   -11.10  0    cut
 333  sn1987A       II-pec     0.5117   0.70   0.5636   0.0434   324.10  0    cut
 334  agn           AGN        0.6715   0.66   0.9651   0.0504   -99.90  2    cut
 335  sn1993J       IIb        0.4522   0.64   0.6559   0.0505   245.00  0    cut
 336  sn1993J       IIb        0.4116   0.64   0.8197   0.0419    72.00  0    cut
 337  sn1998es      Ia-91T     0.4075   0.62   0.8308   0.0517    -9.40  0    cut
 338  sn1993J       IIb        0.4535   0.60   0.5722   0.0503   214.00  0    cut
 339  sn1993J       IIb        0.4440   0.60   0.5730   0.0421   161.00  0    cut
 340  sn1987A       II-pec     0.5117   0.58   1.0000   0.0000   339.00  0    cut
 341  sn1996cb      IIb        0.4359   0.58   0.5775   0.0484    92.40  0    cut
 342  sn1987A       II-pec     0.5117   0.57   0.5660   0.0477   255.20  0    cut
 343  sn1997cy      IIn        0.4007   0.49   0.7739   0.0419   226.10  1    cut
 344  sn1993J       IIb        0.4021   0.49   1.0000   0.0000   188.00  0    cut
 345  sn1993J       IIb        0.4278   0.48   0.6583   0.0363   205.00  0    cut
 346  sn1993J       IIb        0.4332   0.45   1.0000   0.0000   146.00  0    cut
 347  sn1987A       II-pec     0.5117   0.36   0.9512   0.0888   316.00  0    cut
